  win64_vulkanparticles.cpp
d:\scottsdocs\sourcecode\vulkanparticles\code\win64_vulkanparticles.cpp(25): warning C4267: 'argument': conversion from 'size_t' to 'uint32_t', possible loss of data
d:\scottsdocs\sourcecode\vulkanparticles\code\win64_vulkanparticles.cpp(26): warning C4267: 'argument': conversion from 'size_t' to 'uint32_t', possible loss of data
d:\scottsdocs\sourcecode\vulkanparticles\code\win64_vulkanparticles.cpp(28): warning C4267: 'argument': conversion from 'size_t' to 'uint32_t', possible loss of data
d:\scottsdocs\sourcecode\vulkanparticles\code\win64_vulkanparticles.cpp(29): warning C4267: 'argument': conversion from 'size_t' to 'uint32_t', possible loss of data
d:\scottsdocs\sourcecode\vulkanparticles\code\win64_vulkanparticles.cpp(85): warning C4267: '=': conversion from 'size_t' to 'uint32_t', possible loss of data
d:\scottsdocs\sourcecode\vulkanparticles\code\win64_vulkanparticles.cpp(87): warning C4267: '=': conversion from 'size_t' to 'uint32_t', possible loss of data
d:\scottsdocs\sourcecode\vulkanparticles\code\win64_vulkanparticles.cpp(144): warning C4267: '=': conversion from 'size_t' to 'uint32_t', possible loss of data
d:\scottsdocs\sourcecode\vulkanparticles\code\win64_vulkanparticles.cpp(366): error C2039: 'renderingQueueFamilyIndex': is not a member of 'PhysDeviceInfo'
  d:\scottsdocs\sourcecode\vulkanparticles\code\commonvulkan.h(34): note: see declaration of 'PhysDeviceInfo'
d:\scottsdocs\sourcecode\vulkanparticles\code\win64_vulkanparticles.cpp(380): error C2039: 'renderingQueueFamilyIndex': is not a member of 'PhysDeviceInfo'
  d:\scottsdocs\sourcecode\vulkanparticles\code\commonvulkan.h(34): note: see declaration of 'PhysDeviceInfo'
d:\scottsdocs\sourcecode\vulkanparticles\code\win64_vulkanparticles.cpp(380): error C2660: 'NewLogicalDevice': function does not take 3 arguments
d:\scottsdocs\sourcecode\vulkanparticles\code\win64_vulkanparticles.cpp(381): error C2039: 'renderingQueueFamilyIndex': is not a member of 'PhysDeviceInfo'
  d:\scottsdocs\sourcecode\vulkanparticles\code\commonvulkan.h(34): note: see declaration of 'PhysDeviceInfo'
d:\scottsdocs\sourcecode\vulkanparticles\code\win64_vulkanparticles.cpp(381): error C2660: 'vkGetDeviceQueue': function does not take 3 arguments
d:\scottsdocs\sourcecode\vulkanparticles\code\win64_vulkanparticles.cpp(392): error C2039: 'renderingQueueFamilyIndex': is not a member of 'PhysDeviceInfo'
  d:\scottsdocs\sourcecode\vulkanparticles\code\commonvulkan.h(34): note: see declaration of 'PhysDeviceInfo'
d:\scottsdocs\sourcecode\vulkanparticles\code\win64_vulkanparticles.cpp(392): error C2660: 'NewCommandPool': function does not take 1 arguments
d:\scottsdocs\sourcecode\vulkanparticles\code\win64_vulkanparticles.cpp(394): error C3861: 'InitSwapChain': identifier not found
d:\scottsdocs\sourcecode\vulkanparticles\code\win64_vulkanparticles.cpp(395): error C2039: 'imageCount': is not a member of 'SurfaceInfo'
  d:\scottsdocs\sourcecode\vulkanparticles\code\surface.h(14): note: see declaration of 'SurfaceInfo'
d:\scottsdocs\sourcecode\vulkanparticles\code\win64_vulkanparticles.cpp(395): error C2660: 'SetupCommandBuffers': function does not take 1 arguments
d:\scottsdocs\sourcecode\vulkanparticles\code\win64_vulkanparticles.cpp(409): error C2039: 'views': is not a member of 'SurfaceInfo'
  d:\scottsdocs\sourcecode\vulkanparticles\code\surface.h(14): note: see declaration of 'SurfaceInfo'
d:\scottsdocs\sourcecode\vulkanparticles\code\win64_vulkanparticles.cpp(412): error C2039: 'imageCount': is not a member of 'SurfaceInfo'
  d:\scottsdocs\sourcecode\vulkanparticles\code\surface.h(14): note: see declaration of 'SurfaceInfo'
d:\scottsdocs\sourcecode\vulkanparticles\code\win64_vulkanparticles.cpp(414): error C2660: 'NewFrameBuffer': function does not take 5 arguments
d:\scottsdocs\sourcecode\vulkanparticles\code\win64_vulkanparticles.cpp(444): error C2664: 'void BuildCmdBuffers(const DeviceInfo *,const PipelineInfo *,const SwapchainInfo *,const VertexBuffer *,uint32_t,uint32_t)': cannot convert argument 3 from 'SurfaceInfo *' to 'const SwapchainInfo *'
  d:\scottsdocs\sourcecode\vulkanparticles\code\win64_vulkanparticles.cpp(444): note: Types pointed to are unrelated; conversion requires reinterpret_cast, C-style cast or function-style cast
d:\scottsdocs\sourcecode\vulkanparticles\code\win64_vulkanparticles.cpp(465): error C2039: 'images': is not a member of 'SurfaceInfo'
  d:\scottsdocs\sourcecode\vulkanparticles\code\surface.h(14): note: see declaration of 'SurfaceInfo'
d:\scottsdocs\sourcecode\vulkanparticles\code\win64_vulkanparticles.cpp(465): error C2039: 'currentBuffer': is not a member of 'SurfaceInfo'
  d:\scottsdocs\sourcecode\vulkanparticles\code\surface.h(14): note: see declaration of 'SurfaceInfo'
d:\scottsdocs\sourcecode\vulkanparticles\code\win64_vulkanparticles.cpp(502): error C2039: 'currentBuffer': is not a member of 'SurfaceInfo'
  d:\scottsdocs\sourcecode\vulkanparticles\code\surface.h(14): note: see declaration of 'SurfaceInfo'
  surface.cpp
  commonvulkan.cpp
d:\scottsdocs\sourcecode\vulkanparticles\code\commonvulkan.cpp(807): warning C4267: 'argument': conversion from 'size_t' to 'uint32_t', possible loss of data
  Generating Code...
  Compiling...
  camera.cpp
  Generating Code...
  Skipping... (no relevant changes detected)
  commonwindows.cpp
